# JRE version: 7.0_21-b11
# Java VM: Java HotSpot(TM) 64-Bit Server VM (23.21-b01 mixed mode linux-amd64 compressed oops)
Heap
 PSYoungGen      total 234496K, used 50550K [0x00000000f0000000, 0x0000000100000000, 0x0000000100000000)
  eden space 206784K, 17% used [0x00000000f0000000,0x00000000f23045c8,0x00000000fc9f0000)
  from space 27712K, 53% used [0x00000000fe4f0000,0x00000000ff3492c8,0x0000000100000000)
  to   space 27648K, 0% used [0x00000000fc9f0000,0x00000000fc9f0000,0x00000000fe4f0000)
 ParOldGen       total 524288K, used 453763K [0x00000000d0000000, 0x00000000f0000000, 0x00000000f0000000)
  object space 524288K, 86% used [0x00000000d0000000,0x00000000ebb20d70,0x00000000f0000000)
 PSPermGen       total 262144K, used 198693K [0x00000000c0000000, 0x00000000d0000000, 0x00000000d0000000)
  object space 262144K, 75% used [0x00000000c0000000,0x00000000cc209428,0x00000000d0000000)
GC Heap History (10 events):
Event: 64685,697 GC heap before
{Heap before GC invocations=178 (full 0):
 PSYoungGen      total 243968K, used 243960K [0x00000000f0000000, 0x0000000100000000, 0x0000000100000000)
  eden space 232320K, 100% used [0x00000000f0000000,0x00000000fe2e0000,0x00000000fe2e0000)
  from space 11648K, 99% used [0x00000000fe940000,0x00000000ff49e328,0x00000000ff4a0000)
  to   space 11648K, 0% used [0x00000000ff4a0000,0x00000000ff4a0000,0x0000000100000000)
 ParOldGen       total 524288K, used 380467K [0x00000000d0000000, 0x00000000f0000000, 0x00000000f0000000)
  object space 524288K, 72% used [0x00000000d0000000,0x00000000e738cd48,0x00000000f0000000)
 PSPermGen       total 262144K, used 158421K [0x00000000c0000000, 0x00000000d0000000, 0x00000000d0000000)
  object space 262144K, 60% used [0x00000000c0000000,0x00000000c9ab55d0,0x00000000d0000000)
Event: 64685,730 GC heap after
Heap after GC invocations=178 (full 0):
 PSYoungGen      total 222080K, used 11635K [0x00000000f0000000, 0x0000000100000000, 0x0000000100000000)
  eden space 210432K, 0% used [0x00000000f0000000,0x00000000f0000000,0x00000000fcd80000)
  from space 11648K, 99% used [0x00000000ff4a0000,0x00000000ffffcfd8,0x0000000100000000)
  to   space 25856K, 0% used [0x00000000fcd80000,0x00000000fcd80000,0x00000000fe6c0000)
 ParOldGen       total 524288K, used 402111K [0x00000000d0000000, 0x00000000f0000000, 0x00000000f0000000)
  object space 524288K, 76% used [0x00000000d0000000,0x00000000e88afd58,0x00000000f0000000)
 PSPermGen       total 262144K, used 158421K [0x00000000c0000000, 0x00000000d0000000, 0x00000000d0000000)
  object space 262144K, 60% used [0x00000000c0000000,0x00000000c9ab55d0,0x00000000d0000000)
}
Event: 64686,054 GC heap before
{Heap before GC invocations=179 (full 0):
 PSYoungGen      total 222080K, used 213349K [0x00000000f0000000, 0x0000000100000000, 0x0000000100000000)
  eden space 210432K, 95% used [0x00000000f0000000,0x00000000fc4fc558,0x00000000fcd80000)
  from space 11648K, 99% used [0x00000000ff4a0000,0x00000000ffffcfd8,0x0000000100000000)
  to   space 25856K, 0% used [0x00000000fcd80000,0x00000000fcd80000,0x00000000fe6c0000)
 ParOldGen       total 524288K, used 402111K [0x00000000d0000000, 0x00000000f0000000, 0x00000000f0000000)
  object space 524288K, 76% used [0x00000000d0000000,0x00000000e88afd58,0x00000000f0000000)
 PSPermGen       total 262144K, used 169182K [0x00000000c0000000, 0x00000000d0000000, 0x00000000d0000000)
  object space 262144K, 64% used [0x00000000c0000000,0x00000000ca537900,0x00000000d0000000)
Event: 64686,091 GC heap after
Heap after GC invocations=179 (full 0):
 PSYoungGen      total 226304K, used 15833K [0x00000000f0000000, 0x0000000100000000, 0x0000000100000000)
  eden space 210432K, 0% used [0x00000000f0000000,0x00000000f0000000,0x00000000fcd80000)
  from space 15872K, 99% used [0x00000000fcd80000,0x00000000fdcf65d0,0x00000000fdd00000)
  to   space 26880K, 0% used [0x00000000fe5c0000,0x00000000fe5c0000,0x0000000100000000)
 ParOldGen       total 524288K, used 413215K [0x00000000d0000000, 0x00000000f0000000, 0x00000000f0000000)
  object space 524288K, 78% used [0x00000000d0000000,0x00000000e9387f38,0x00000000f0000000)
 PSPermGen       total 262144K, used 169182K [0x00000000c0000000, 0x00000000d0000000, 0x00000000d0000000)
  object space 262144K, 64% used [0x00000000c0000000,0x00000000ca537900,0x00000000d0000000)
}
Event: 64686,448 GC heap before
{Heap before GC invocations=180 (full 0):
 PSYoungGen      total 226304K, used 226265K [0x00000000f0000000, 0x0000000100000000, 0x0000000100000000)
  eden space 210432K, 100% used [0x00000000f0000000,0x00000000fcd80000,0x00000000fcd80000)
  from space 15872K, 99% used [0x00000000fcd80000,0x00000000fdcf65d0,0x00000000fdd00000)
  to   space 26880K, 0% used [0x00000000fe5c0000,0x00000000fe5c0000,0x0000000100000000)
 ParOldGen       total 524288K, used 413215K [0x00000000d0000000, 0x00000000f0000000, 0x00000000f0000000)
  object space 524288K, 78% used [0x00000000d0000000,0x00000000e9387f38,0x00000000f0000000)
 PSPermGen       total 262144K, used 179433K [0x00000000c0000000, 0x00000000d0000000, 0x00000000d0000000)
  object space 262144K, 68% used [0x00000000c0000000,0x00000000caf3a5f8,0x00000000d0000000)
Event: 64686,480 GC heap after
Heap after GC invocations=180 (full 0):
 PSYoungGen      total 235712K, used 12572K [0x00000000f0000000, 0x0000000100000000, 0x0000000100000000)
  eden space 208832K, 0% used [0x00000000f0000000,0x00000000f0000000,0x00000000fcbf0000)
  from space 26880K, 46% used [0x00000000fe5c0000,0x00000000ff207380,0x0000000100000000)
  to   space 26432K, 0% used [0x00000000fcbf0000,0x00000000fcbf0000,0x00000000fe5c0000)
 ParOldGen       total 524288K, used 426289K [0x00000000d0000000, 0x00000000f0000000, 0x00000000f0000000)
  object space 524288K, 81% used [0x00000000d0000000,0x00000000ea04c778,0x00000000f0000000)
 PSPermGen       total 262144K, used 179433K [0x00000000c0000000, 0x00000000d0000000, 0x00000000d0000000)
  object space 262144K, 68% used [0x00000000c0000000,0x00000000caf3a5f8,0x00000000d0000000)
}
Event: 64686,849 GC heap before
{Heap before GC invocations=181 (full 0):
 PSYoungGen      total 235712K, used 221404K [0x00000000f0000000, 0x0000000100000000, 0x0000000100000000)
  eden space 208832K, 100% used [0x00000000f0000000,0x00000000fcbf0000,0x00000000fcbf0000)
  from space 26880K, 46% used [0x00000000fe5c0000,0x00000000ff207380,0x0000000100000000)
  to   space 26432K, 0% used [0x00000000fcbf0000,0x00000000fcbf0000,0x00000000fe5c0000)
 ParOldGen       total 524288K, used 426289K [0x00000000d0000000, 0x00000000f0000000, 0x00000000f0000000)
  object space 524288K, 81% used [0x00000000d0000000,0x00000000ea04c778,0x00000000f0000000)
 PSPermGen       total 262144K, used 189855K [0x00000000c0000000, 0x00000000d0000000, 0x00000000d0000000)
  object space 262144K, 72% used [0x00000000c0000000,0x00000000cb967da0,0x00000000d0000000)
Event: 64686,875 GC heap after
Heap after GC invocations=181 (full 0):
 PSYoungGen      total 226176K, used 17326K [0x00000000f0000000, 0x0000000100000000, 0x0000000100000000)
  eden space 208832K, 0% used [0x00000000f0000000,0x00000000f0000000,0x00000000fcbf0000)
  from space 17344K, 99% used [0x00000000fcbf0000,0x00000000fdcdb890,0x00000000fdce0000)
  to   space 27712K, 0% used [0x00000000fe4f0000,0x00000000fe4f0000,0x0000000100000000)
 ParOldGen       total 524288K, used 437750K [0x00000000d0000000, 0x00000000f0000000, 0x00000000f0000000)
  object space 524288K, 83% used [0x00000000d0000000,0x00000000eab7d840,0x00000000f0000000)
 PSPermGen       total 262144K, used 189855K [0x00000000c0000000, 0x00000000d0000000, 0x00000000d0000000)
  object space 262144K, 72% used [0x00000000c0000000,0x00000000cb967da0,0x00000000d0000000)
}
Event: 64687,192 GC heap before
{Heap before GC invocations=182 (full 0):
 PSYoungGen      total 226176K, used 226158K [0x00000000f0000000, 0x0000000100000000, 0x0000000100000000)
  eden space 208832K, 100% used [0x00000000f0000000,0x00000000fcbf0000,0x00000000fcbf0000)
  from space 17344K, 99% used [0x00000000fcbf0000,0x00000000fdcdb890,0x00000000fdce0000)
  to   space 27712K, 0% used [0x00000000fe4f0000,0x00000000fe4f0000,0x0000000100000000)
 ParOldGen       total 524288K, used 437750K [0x00000000d0000000, 0x00000000f0000000, 0x00000000f0000000)
  object space 524288K, 83% used [0x00000000d0000000,0x00000000eab7d840,0x00000000f0000000)
 PSPermGen       total 262144K, used 197525K [0x00000000c0000000, 0x00000000d0000000, 0x00000000d0000000)
  object space 262144K, 75% used [0x00000000c0000000,0x00000000cc0e5740,0x00000000d0000000)
Event: 64687,218 GC heap after
Heap after GC invocations=182 (full 0):
 PSYoungGen      total 234496K, used 14692K [0x00000000f0000000, 0x0000000100000000, 0x0000000100000000)
  eden space 206784K, 0% used [0x00000000f0000000,0x00000000f0000000,0x00000000fc9f0000)
  from space 27712K, 53% used [0x00000000fe4f0000,0x00000000ff3492c8,0x0000000100000000)
  to   space 27648K, 0% used [0x00000000fc9f0000,0x00000000fc9f0000,0x00000000fe4f0000)
 ParOldGen       total 524288K, used 453763K [0x00000000d0000000, 0x00000000f0000000, 0x00000000f0000000)
  object space 524288K, 86% used [0x00000000d0000000,0x00000000ebb20d70,0x00000000f0000000)
 PSPermGen       total 262144K, used 197525K [0x00000000c0000000, 0x00000000d0000000, 0x00000000d0000000)
  object space 262144K, 75% used [0x00000000c0000000,0x00000000cc0e5740,0x00000000d0000000)
}

